[2025-12-07 10:14:05][INFO][core_main] === AI Co-Partner starting up ===
[2025-12-07 10:14:05][INFO][core_main] Received test event with data: {'msg': 'Hello from main loop'}
[2025-12-07 10:14:05][INFO][core_main] Debug mode: True
[2025-12-07 10:14:05][INFO][core_main] === AI Co-Partner initial main() finished ===
[2025-12-07 16:12:33][INFO][core_main] === AI Co-Partner starting up ===
[2025-12-07 16:12:33][INFO][core_main] CommandHandler ready: <core.command_handler.CommandHandler object at 0x000001C7E66AEE40>
[2025-12-07 16:12:33][INFO][core_main] Received test event with data: {'msg': 'Hello from main loop'}
[2025-12-07 16:12:33][INFO][core_main] Command test result: {'status': 'ok', 'message': 'pong', 'data': {'command': 'ping'}}
[2025-12-07 16:12:33][INFO][core_main] Debug mode: True
[2025-12-07 16:12:33][INFO][core_main] === AI Co-Partner initial main() finished ===
[2025-12-07 16:16:27][INFO][core_main] === AI Co-Partner starting up ===
[2025-12-07 16:16:27][INFO][core_main] CommandHandler ready: <core.command_handler.CommandHandler object at 0x000001F995FFEE40>
[2025-12-07 16:16:27][INFO][core_main] Received test event with data: {'msg': 'Hello from main loop'}
[2025-12-07 16:16:27][INFO][core_main] Command test result: {'status': 'ok', 'message': 'pong', 'data': {'command': 'ping'}}
[2025-12-07 16:16:27][INFO][core_main] Debug mode: True
[2025-12-07 16:16:27][INFO][core_main] === AI Co-Partner initial main() finished ===
[2025-12-07 16:16:40][INFO][core_main] === AI Co-Partner starting up ===
[2025-12-07 16:16:40][INFO][core_main] CommandHandler ready: <core.command_handler.CommandHandler object at 0x000002D06101EE40>
[2025-12-07 16:16:40][INFO][core_main] Received test event with data: {'msg': 'Hello from main loop'}
[2025-12-07 16:16:40][INFO][core_main] Command test result: {'status': 'ok', 'message': 'pong', 'data': {'command': 'ping'}}
[2025-12-07 16:16:40][INFO][core_main] Debug mode: True
[2025-12-07 16:16:40][INFO][core_main] === AI Co-Partner initial main() finished ===
