[2025-12-07 10:22:24][INFO][memory_manager] MemoryManager initializing...
[2025-12-07 10:22:24][INFO][memory_manager] No existing long-term memory file found.
[2025-12-07 10:22:24][INFO][memory_manager] MemoryManager ready.
[2025-12-07 10:22:24][INFO][memory_manager] Added memory: 'This is a test memory from self-test.'
[2025-12-07 10:31:39][INFO][memory_manager] MemoryManager initializing...
[2025-12-07 10:31:39][INFO][memory_manager] Long-term memory file present with ~1 items.
[2025-12-07 10:31:39][INFO][memory_manager] MemoryManager ready.
[2025-12-07 10:31:39][INFO][memory_manager] Added memory: 'CoreManager self-test memory.'
[2025-12-07 10:39:14][INFO][memory_manager] MemoryManager initializing...
[2025-12-07 10:39:14][INFO][memory_manager] Long-term memory file present with ~2 items.
[2025-12-07 10:39:14][INFO][memory_manager] MemoryManager ready.
[2025-12-07 10:39:14][INFO][memory_manager] Added memory: 'Hey, remember this config, I will need this later.'
[2025-12-07 17:17:22][INFO][memory_manager] MemoryManager initializing...
[2025-12-07 17:17:22][INFO][memory_manager] Long-term memory file present with ~3 items.
[2025-12-07 17:17:22][INFO][memory_manager] MemoryManager ready.
[2025-12-07 17:17:29][INFO][memory_manager] Added memory: 'C:\\Dev\\Master-AI-CoPartner>'
[2025-12-07 17:17:48][INFO][memory_manager] Added memory: 'hello'
[2025-12-07 17:30:46][INFO][memory_manager] MemoryManager initializing...
[2025-12-07 17:30:46][INFO][memory_manager] Long-term memory file present with ~5 items.
[2025-12-07 17:30:46][INFO][memory_manager] MemoryManager ready.
[2025-12-07 17:30:51][INFO][memory_manager] Added memory: 'hello'
